-- The C compiler identification is GNU 11.4.0
-- The CXX compiler identification is GNU 11.4.0
-- Detecting C compiler ABI info
-- Detecting C compiler ABI info - done
-- Check for working C compiler: /usr/bin/cc - skipped
-- Detecting C compile features
-- Detecting C compile features - done
-- Detecting CXX compiler ABI info
-- Detecting CXX compiler ABI info - done
-- Check for working CXX compiler: /usr/bin/c++ - skipped
-- Detecting CXX compile features
-- Detecting CXX compile features - done
-- Found ament_cmake: 1.3.6 (/opt/ros/humble/share/ament_cmake/cmake)
-- Found Python3: /usr/bin/python3.10 (found version "3.10.12") found components: Interpreter 
-- Override CMake install command with custom implementation using symlinks instead of copying resources
-- Found rclcpp: 16.0.7 (/opt/ros/humble/share/rclcpp/cmake)
-- Found rosidl_generator_c: 3.1.5 (/opt/ros/humble/share/rosidl_generator_c/cmake)
-- Found rosidl_adapter: 3.1.5 (/opt/ros/humble/share/rosidl_adapter/cmake)
-- Found rosidl_generator_cpp: 3.1.5 (/opt/ros/humble/share/rosidl_generator_cpp/cmake)
-- Using all available rosidl_typesupport_c: rosidl_typesupport_fastrtps_c;rosidl_typesupport_introspection_c
-- Using all available rosidl_typesupport_cpp: rosidl_typesupport_fastrtps_cpp;rosidl_typesupport_introspection_cpp
-- Found rmw_implementation_cmake: 6.1.1 (/opt/ros/humble/share/rmw_implementation_cmake/cmake)
-- Found rmw_fastrtps_cpp: 6.2.5 (/opt/ros/humble/share/rmw_fastrtps_cpp/cmake)
-- Found OpenSSL: /usr/lib/x86_64-linux-gnu/libcrypto.so (found version "3.0.2")  
-- Found FastRTPS: /opt/ros/humble/include  
-- Using RMW implementation 'rmw_fastrtps_cpp' as default
-- Looking for pthread.h
-- Looking for pthread.h - found
-- Performing Test CMAKE_HAVE_LIBC_PTHREAD
-- Performing Test CMAKE_HAVE_LIBC_PTHREAD - Success
-- Found Threads: TRUE  
-- Found sensor_msgs: 4.2.3 (/opt/ros/humble/share/sensor_msgs/cmake)
-- Found cv_bridge: 3.2.1 (/opt/ros/humble/share/cv_bridge/cmake)
-- Found message_filters: 4.3.3 (/opt/ros/humble/share/message_filters/cmake)
-- Found ORB_SLAM3: /home/amatsoukas/ros2_ws/src/ORB_SLAM3/lib/libORB_SLAM3.so  
-- Found rclpy: 3.3.11 (/opt/ros/humble/share/rclpy/cmake)
-- Configuring done
-- Generating done
-- Build files have been written to: /home/amatsoukas/ros2_ws/src/orbslam3_ros2/build/orbslam3
[ 33%] [32mBuilding CXX object CMakeFiles/stereo-inertial.dir/src/stereo-inertial/stereo-inertial-node.cpp.o[0m
[ 33%] [32mBuilding CXX object CMakeFiles/rgbd.dir/src/rgbd/rgbd-slam-node.cpp.o[0m
[ 33%] [32mBuilding CXX object CMakeFiles/stereo-inertial.dir/src/stereo-inertial/stereo-inertial.cpp.o[0m
[ 33%] [32mBuilding CXX object CMakeFiles/rgbd.dir/src/rgbd/rgbd.cpp.o[0m
[ 58%] [32mBuilding CXX object CMakeFiles/mono.dir/src/monocular/mono.cpp.o[0m
[ 58%] [32mBuilding CXX object CMakeFiles/stereo.dir/src/stereo/stereo.cpp.o[0m
[ 58%] [32mBuilding CXX object CMakeFiles/mono.dir/src/monocular/monocular-slam-node.cpp.o[0m
[ 66%] [32mBuilding CXX object CMakeFiles/stereo.dir/src/stereo/stereo-slam-node.cpp.o[0m
[ 75%] [32m[1mLinking CXX executable mono[0m
[ 75%] Built target mono
[ 83%] [32m[1mLinking CXX executable rgbd[0m
[ 91%] [32m[1mLinking CXX executable stereo-inertial[0m
[ 91%] Built target rgbd
[100%] [32m[1mLinking CXX executable stereo[0m
[100%] Built target stereo-inertial
[100%] Built target stereo
-- Install configuration: ""
-- Execute custom install script
-- Symlinking: /home/amatsoukas/ros2_ws/src/orbslam3_ros2/install/orbslam3/lib/orbslam3/mono
-- Symlinking: /home/amatsoukas/ros2_ws/src/orbslam3_ros2/install/orbslam3/lib/orbslam3/rgbd
-- Symlinking: /home/amatsoukas/ros2_ws/src/orbslam3_ros2/install/orbslam3/lib/orbslam3/stereo
-- Symlinking: /home/amatsoukas/ros2_ws/src/orbslam3_ros2/install/orbslam3/lib/orbslam3/stereo-inertial
-- Symlinking: /home/amatsoukas/ros2_ws/src/orbslam3_ros2/install/orbslam3/lib/orbslam3/camera_publisher.py
-- Symlinking: /home/amatsoukas/ros2_ws/src/orbslam3_ros2/install/orbslam3/lib/orbslam3/url_camera_publisher.py
-- Symlinking: /home/amatsoukas/ros2_ws/src/orbslam3_ros2/install/orbslam3/share/ament_index/resource_index/package_run_dependencies/orbslam3
-- Symlinking: /home/amatsoukas/ros2_ws/src/orbslam3_ros2/install/orbslam3/share/ament_index/resource_index/parent_prefix_path/orbslam3
-- Symlinking: /home/amatsoukas/ros2_ws/src/orbslam3_ros2/install/orbslam3/share/orbslam3/environment/ament_prefix_path.sh
-- Symlinking: /home/amatsoukas/ros2_ws/src/orbslam3_ros2/install/orbslam3/share/orbslam3/environment/ament_prefix_path.dsv
-- Symlinking: /home/amatsoukas/ros2_ws/src/orbslam3_ros2/install/orbslam3/share/orbslam3/environment/path.sh
-- Symlinking: /home/amatsoukas/ros2_ws/src/orbslam3_ros2/install/orbslam3/share/orbslam3/environment/path.dsv
-- Symlinking: /home/amatsoukas/ros2_ws/src/orbslam3_ros2/install/orbslam3/share/orbslam3/local_setup.bash
-- Symlinking: /home/amatsoukas/ros2_ws/src/orbslam3_ros2/install/orbslam3/share/orbslam3/local_setup.sh
-- Symlinking: /home/amatsoukas/ros2_ws/src/orbslam3_ros2/install/orbslam3/share/orbslam3/local_setup.zsh
-- Symlinking: /home/amatsoukas/ros2_ws/src/orbslam3_ros2/install/orbslam3/share/orbslam3/local_setup.dsv
-- Symlinking: /home/amatsoukas/ros2_ws/src/orbslam3_ros2/install/orbslam3/share/orbslam3/package.dsv
-- Symlinking: /home/amatsoukas/ros2_ws/src/orbslam3_ros2/install/orbslam3/share/ament_index/resource_index/packages/orbslam3
-- Symlinking: /home/amatsoukas/ros2_ws/src/orbslam3_ros2/install/orbslam3/share/orbslam3/cmake/orbslam3Config.cmake
-- Symlinking: /home/amatsoukas/ros2_ws/src/orbslam3_ros2/install/orbslam3/share/orbslam3/cmake/orbslam3Config-version.cmake
-- Symlinking: /home/amatsoukas/ros2_ws/src/orbslam3_ros2/install/orbslam3/share/orbslam3/package.xml
