[1.303s] DEBUG:colcon:Command line arguments: ['/usr/bin/colcon', 'build', '--symlink-install', '--packages-select', 'orbslam3']
[1.303s] DEBUG:colcon:Parsed command line arguments: Namespace(log_base=None, log_level=None, verb_name='build', build_base='build', install_base='install', merge_install=False, symlink_install=True, test_result_base=None, continue_on_error=False, executor='parallel', parallel_workers=12, event_handlers=None, ignore_user_meta=False, metas=['./colcon.meta'], base_paths=['.'], packages_ignore=None, packages_ignore_regex=None, paths=None, packages_up_to=None, packages_up_to_regex=None, packages_above=None, packages_above_and_dependencies=None, packages_above_depth=None, packages_select_by_dep=None, packages_skip_by_dep=None, packages_skip_up_to=None, packages_select_build_failed=False, packages_skip_build_finished=False, packages_select_test_failures=False, packages_skip_test_passed=False, packages_select=['orbslam3'], packages_skip=None, packages_select_regex=None, packages_skip_regex=None, packages_start=None, packages_end=None, allow_overriding=[], cmake_args=None, cmake_target=None, cmake_target_skip_unavailable=False, cmake_clean_cache=False, cmake_clean_first=False, cmake_force_configure=False, ament_cmake_args=None, catkin_cmake_args=None, catkin_skip_building_tests=False, verb_parser=<colcon_defaults.argument_parser.defaults.DefaultArgumentsDecorator object at 0x7f49ea742e60>, verb_extension=<colcon_core.verb.build.BuildVerb object at 0x7f49ea742a10>, main=<bound method BuildVerb.main of <colcon_core.verb.build.BuildVerb object at 0x7f49ea742a10>>)
[1.371s] Level 1:colcon.colcon_core.package_discovery:discover_packages(colcon_meta) check parameters
[1.371s] Level 1:colcon.colcon_core.package_discovery:discover_packages(recursive) check parameters
[1.371s] Level 1:colcon.colcon_core.package_discovery:discover_packages(ignore) check parameters
[1.371s] Level 1:colcon.colcon_core.package_discovery:discover_packages(path) check parameters
[1.371s] Level 1:colcon.colcon_core.package_discovery:discover_packages(colcon_meta) discover
[1.371s] Level 1:colcon.colcon_core.package_discovery:discover_packages(recursive) discover
[1.371s] INFO:colcon.colcon_core.package_discovery:Crawling recursively for packages in '/home/amatsoukas/ros2_ws/src/orbslam3_ros2'
[1.371s] Level 1:colcon.colcon_core.package_identification:_identify(.) by extensions ['ignore', 'ignore_ament_install']
[1.371s] Level 1:colcon.colcon_core.package_identification:_identify(.) by extension 'ignore'
[1.371s] Level 1:colcon.colcon_core.package_identification:_identify(.) by extension 'ignore_ament_install'
[1.371s] Level 1:colcon.colcon_core.package_identification:_identify(.) by extensions ['colcon_pkg']
[1.371s] Level 1:colcon.colcon_core.package_identification:_identify(.) by extension 'colcon_pkg'
[1.371s] Level 1:colcon.colcon_core.package_identification:_identify(.) by extensions ['colcon_meta']
[1.371s] Level 1:colcon.colcon_core.package_identification:_identify(.) by extension 'colcon_meta'
[1.371s] Level 1:colcon.colcon_core.package_identification:_identify(.) by extensions ['ros']
[1.371s] Level 1:colcon.colcon_core.package_identification:_identify(.) by extension 'ros'
[1.386s] Level 1:colcon.colcon_core.package_identification:_identify(.) by extensions ['cmake', 'python']
[1.386s] Level 1:colcon.colcon_core.package_identification:_identify(.) by extension 'cmake'
[1.386s] Level 1:colcon.colcon_core.package_identification:_identify(.) by extension 'python'
[1.386s] Level 1:colcon.colcon_core.package_identification:_identify(.) by extensions ['python_setup_py']
[1.386s] Level 1:colcon.colcon_core.package_identification:_identify(.) by extension 'python_setup_py'
[1.386s] Level 1:colcon.colcon_core.package_identification:_identify(build) by extensions ['ignore', 'ignore_ament_install']
[1.386s] Level 1:colcon.colcon_core.package_identification:_identify(build) by extension 'ignore'
[1.386s] Level 1:colcon.colcon_core.package_identification:_identify(build) ignored
[1.386s] Level 1:colcon.colcon_core.package_identification:_identify(install) by extensions ['ignore', 'ignore_ament_install']
[1.386s] Level 1:colcon.colcon_core.package_identification:_identify(install) by extension 'ignore'
[1.386s] Level 1:colcon.colcon_core.package_identification:_identify(install) ignored
[1.386s] Level 1:colcon.colcon_core.package_identification:_identify(log) by extensions ['ignore', 'ignore_ament_install']
[1.387s] Level 1:colcon.colcon_core.package_identification:_identify(log) by extension 'ignore'
[1.387s] Level 1:colcon.colcon_core.package_identification:_identify(log) ignored
[1.387s] Level 1:colcon.colcon_core.package_identification:_identify(src) by extensions ['ignore', 'ignore_ament_install']
[1.387s] Level 1:colcon.colcon_core.package_identification:_identify(src) by extension 'ignore'
[1.387s] Level 1:colcon.colcon_core.package_identification:_identify(src) by extension 'ignore_ament_install'
[1.387s] Level 1:colcon.colcon_core.package_identification:_identify(src) by extensions ['colcon_pkg']
[1.387s] Level 1:colcon.colcon_core.package_identification:_identify(src) by extension 'colcon_pkg'
[1.387s] Level 1:colcon.colcon_core.package_identification:_identify(src) by extensions ['colcon_meta']
[1.387s] Level 1:colcon.colcon_core.package_identification:_identify(src) by extension 'colcon_meta'
[1.387s] Level 1:colcon.colcon_core.package_identification:_identify(src) by extensions ['ros']
[1.387s] Level 1:colcon.colcon_core.package_identification:_identify(src) by extension 'ros'
[1.387s] Level 1:colcon.colcon_core.package_identification:_identify(src) by extensions ['cmake', 'python']
[1.387s] Level 1:colcon.colcon_core.package_identification:_identify(src) by extension 'cmake'
[1.387s] Level 1:colcon.colcon_core.package_identification:_identify(src) by extension 'python'
[1.387s] Level 1:colcon.colcon_core.package_identification:_identify(src) by extensions ['python_setup_py']
[1.387s] Level 1:colcon.colcon_core.package_identification:_identify(src) by extension 'python_setup_py'
[1.387s] Level 1:colcon.colcon_core.package_identification:_identify(src/orbslam3_ros2) by extensions ['ignore', 'ignore_ament_install']
[1.387s] Level 1:colcon.colcon_core.package_identification:_identify(src/orbslam3_ros2) by extension 'ignore'
[1.388s] Level 1:colcon.colcon_core.package_identification:_identify(src/orbslam3_ros2) by extension 'ignore_ament_install'
[1.388s] Level 1:colcon.colcon_core.package_identification:_identify(src/orbslam3_ros2) by extensions ['colcon_pkg']
[1.388s] Level 1:colcon.colcon_core.package_identification:_identify(src/orbslam3_ros2) by extension 'colcon_pkg'
[1.388s] Level 1:colcon.colcon_core.package_identification:_identify(src/orbslam3_ros2) by extensions ['colcon_meta']
[1.388s] Level 1:colcon.colcon_core.package_identification:_identify(src/orbslam3_ros2) by extension 'colcon_meta'
[1.388s] Level 1:colcon.colcon_core.package_identification:_identify(src/orbslam3_ros2) by extensions ['ros']
[1.388s] Level 1:colcon.colcon_core.package_identification:_identify(src/orbslam3_ros2) by extension 'ros'
[1.390s] DEBUG:colcon.colcon_core.package_identification:Package 'src/orbslam3_ros2' with type 'ros.ament_cmake' and name 'orbslam3'
[1.390s] Level 1:colcon.colcon_core.package_discovery:discover_packages(recursive) using defaults
[1.390s] Level 1:colcon.colcon_core.package_discovery:discover_packages(ignore) discover
[1.390s] Level 1:colcon.colcon_core.package_discovery:discover_packages(ignore) using defaults
[1.391s] Level 1:colcon.colcon_core.package_discovery:discover_packages(path) discover
[1.391s] Level 1:colcon.colcon_core.package_discovery:discover_packages(path) using defaults
[1.515s] Level 1:colcon.colcon_core.package_discovery:discover_packages(prefix_path) check parameters
[1.515s] Level 1:colcon.colcon_core.package_discovery:discover_packages(prefix_path) discover
[1.556s] DEBUG:colcon.colcon_installed_package_information.package_discovery:Found 19 installed packages in /home/amatsoukas/ros2_ws/install
[1.577s] DEBUG:colcon.colcon_installed_package_information.package_discovery:Found 337 installed packages in /opt/ros/humble
[1.578s] Level 1:colcon.colcon_core.package_discovery:discover_packages(prefix_path) using defaults
[1.680s] Level 5:colcon.colcon_core.verb:set package 'orbslam3' build argument 'cmake_args' from command line to 'None'
[1.681s] Level 5:colcon.colcon_core.verb:set package 'orbslam3' build argument 'cmake_target' from command line to 'None'
[1.681s] Level 5:colcon.colcon_core.verb:set package 'orbslam3' build argument 'cmake_target_skip_unavailable' from command line to 'False'
[1.681s] Level 5:colcon.colcon_core.verb:set package 'orbslam3' build argument 'cmake_clean_cache' from command line to 'False'
[1.681s] Level 5:colcon.colcon_core.verb:set package 'orbslam3' build argument 'cmake_clean_first' from command line to 'False'
[1.681s] Level 5:colcon.colcon_core.verb:set package 'orbslam3' build argument 'cmake_force_configure' from command line to 'False'
[1.681s] Level 5:colcon.colcon_core.verb:set package 'orbslam3' build argument 'ament_cmake_args' from command line to 'None'
[1.681s] Level 5:colcon.colcon_core.verb:set package 'orbslam3' build argument 'catkin_cmake_args' from command line to 'None'
[1.681s] Level 5:colcon.colcon_core.verb:set package 'orbslam3' build argument 'catkin_skip_building_tests' from command line to 'False'
[1.681s] DEBUG:colcon.colcon_core.verb:Building package 'orbslam3' with the following arguments: {'ament_cmake_args': None, 'build_base': '/home/amatsoukas/ros2_ws/src/orbslam3_ros2/build/orbslam3', 'catkin_cmake_args': None, 'catkin_skip_building_tests': False, 'cmake_args': None, 'cmake_clean_cache': False, 'cmake_clean_first': False, 'cmake_force_configure': False, 'cmake_target': None, 'cmake_target_skip_unavailable': False, 'install_base': '/home/amatsoukas/ros2_ws/src/orbslam3_ros2/install/orbslam3', 'merge_install': False, 'path': '/home/amatsoukas/ros2_ws/src/orbslam3_ros2/src/orbslam3_ros2', 'symlink_install': True, 'test_result_base': None}
[1.701s] INFO:colcon.colcon_core.executor:Executing jobs using 'parallel' executor
[1.721s] DEBUG:colcon.colcon_parallel_executor.executor.parallel:run_until_complete
[1.721s] INFO:colcon.colcon_ros.task.ament_cmake.build:Building ROS package in '/home/amatsoukas/ros2_ws/src/orbslam3_ros2/src/orbslam3_ros2' with build type 'ament_cmake'
[1.722s] INFO:colcon.colcon_cmake.task.cmake.build:Building CMake package in '/home/amatsoukas/ros2_ws/src/orbslam3_ros2/src/orbslam3_ros2'
[1.747s] INFO:colcon.colcon_core.plugin_system:Skipping extension 'colcon_core.shell.bat': Not used on non-Windows systems
[1.747s] INFO:colcon.colcon_core.shell:Skip shell extension 'powershell' for command environment: Not usable outside of PowerShell
[1.747s] DEBUG:colcon.colcon_core.shell:Skip shell extension 'dsv' for command environment
[1.817s] DEBUG:colcon.colcon_core.event_handler.log_command:Invoking command in '/home/amatsoukas/ros2_ws/src/orbslam3_ros2/build/orbslam3': CMAKE_PREFIX_PATH=${CMAKE_PREFIX_PATH}:/home/amatsoukas/ros2_ws/install/warmup_project:/home/amatsoukas/ros2_ws/install/sample_node_architectures:/home/amatsoukas/ros2_ws/install/neato_soccer:/home/amatsoukas/ros2_ws/install/neato_node2:/home/amatsoukas/ros2_ws/install/in_class_day04_solutions:/home/amatsoukas/ros2_ws/install/in_class_day03_solutions:/home/amatsoukas/ros2_ws/install/in_class_day03:/home/amatsoukas/ros2_ws/install/multi_neato:/home/amatsoukas/ros2_ws/install/in_class_day02_solutions:/home/amatsoukas/ros2_ws/install/in_class_day02:/home/amatsoukas/ros2_ws/install/draw_square_with_estop:/opt/ros/humble /usr/bin/cmake /home/amatsoukas/ros2_ws/src/orbslam3_ros2/src/orbslam3_ros2 -DAMENT_CMAKE_SYMLINK_INSTALL=1 -DCMAKE_INSTALL_PREFIX=/home/amatsoukas/ros2_ws/src/orbslam3_ros2/install/orbslam3
[3.760s] DEBUG:colcon.colcon_core.event_handler.log_command:Invoked command in '/home/amatsoukas/ros2_ws/src/orbslam3_ros2/build/orbslam3' returned '0': CMAKE_PREFIX_PATH=${CMAKE_PREFIX_PATH}:/home/amatsoukas/ros2_ws/install/warmup_project:/home/amatsoukas/ros2_ws/install/sample_node_architectures:/home/amatsoukas/ros2_ws/install/neato_soccer:/home/amatsoukas/ros2_ws/install/neato_node2:/home/amatsoukas/ros2_ws/install/in_class_day04_solutions:/home/amatsoukas/ros2_ws/install/in_class_day03_solutions:/home/amatsoukas/ros2_ws/install/in_class_day03:/home/amatsoukas/ros2_ws/install/multi_neato:/home/amatsoukas/ros2_ws/install/in_class_day02_solutions:/home/amatsoukas/ros2_ws/install/in_class_day02:/home/amatsoukas/ros2_ws/install/draw_square_with_estop:/opt/ros/humble /usr/bin/cmake /home/amatsoukas/ros2_ws/src/orbslam3_ros2/src/orbslam3_ros2 -DAMENT_CMAKE_SYMLINK_INSTALL=1 -DCMAKE_INSTALL_PREFIX=/home/amatsoukas/ros2_ws/src/orbslam3_ros2/install/orbslam3
[3.762s] DEBUG:colcon.colcon_core.event_handler.log_command:Invoking command in '/home/amatsoukas/ros2_ws/src/orbslam3_ros2/build/orbslam3': CMAKE_PREFIX_PATH=${CMAKE_PREFIX_PATH}:/home/amatsoukas/ros2_ws/install/warmup_project:/home/amatsoukas/ros2_ws/install/sample_node_architectures:/home/amatsoukas/ros2_ws/install/neato_soccer:/home/amatsoukas/ros2_ws/install/neato_node2:/home/amatsoukas/ros2_ws/install/in_class_day04_solutions:/home/amatsoukas/ros2_ws/install/in_class_day03_solutions:/home/amatsoukas/ros2_ws/install/in_class_day03:/home/amatsoukas/ros2_ws/install/multi_neato:/home/amatsoukas/ros2_ws/install/in_class_day02_solutions:/home/amatsoukas/ros2_ws/install/in_class_day02:/home/amatsoukas/ros2_ws/install/draw_square_with_estop:/opt/ros/humble /usr/bin/cmake --build /home/amatsoukas/ros2_ws/src/orbslam3_ros2/build/orbslam3 -- -j12 -l12
[37.610s] DEBUG:colcon.colcon_core.event_handler.log_command:Invoked command in '/home/amatsoukas/ros2_ws/src/orbslam3_ros2/build/orbslam3' returned '0': CMAKE_PREFIX_PATH=${CMAKE_PREFIX_PATH}:/home/amatsoukas/ros2_ws/install/warmup_project:/home/amatsoukas/ros2_ws/install/sample_node_architectures:/home/amatsoukas/ros2_ws/install/neato_soccer:/home/amatsoukas/ros2_ws/install/neato_node2:/home/amatsoukas/ros2_ws/install/in_class_day04_solutions:/home/amatsoukas/ros2_ws/install/in_class_day03_solutions:/home/amatsoukas/ros2_ws/install/in_class_day03:/home/amatsoukas/ros2_ws/install/multi_neato:/home/amatsoukas/ros2_ws/install/in_class_day02_solutions:/home/amatsoukas/ros2_ws/install/in_class_day02:/home/amatsoukas/ros2_ws/install/draw_square_with_estop:/opt/ros/humble /usr/bin/cmake --build /home/amatsoukas/ros2_ws/src/orbslam3_ros2/build/orbslam3 -- -j12 -l12
[37.679s] DEBUG:colcon.colcon_core.event_handler.log_command:Invoking command in '/home/amatsoukas/ros2_ws/src/orbslam3_ros2/build/orbslam3': CMAKE_PREFIX_PATH=${CMAKE_PREFIX_PATH}:/home/amatsoukas/ros2_ws/install/warmup_project:/home/amatsoukas/ros2_ws/install/sample_node_architectures:/home/amatsoukas/ros2_ws/install/neato_soccer:/home/amatsoukas/ros2_ws/install/neato_node2:/home/amatsoukas/ros2_ws/install/in_class_day04_solutions:/home/amatsoukas/ros2_ws/install/in_class_day03_solutions:/home/amatsoukas/ros2_ws/install/in_class_day03:/home/amatsoukas/ros2_ws/install/multi_neato:/home/amatsoukas/ros2_ws/install/in_class_day02_solutions:/home/amatsoukas/ros2_ws/install/in_class_day02:/home/amatsoukas/ros2_ws/install/draw_square_with_estop:/opt/ros/humble /usr/bin/cmake --install /home/amatsoukas/ros2_ws/src/orbslam3_ros2/build/orbslam3
[37.869s] Level 1:colcon.colcon_core.environment:create_environment_scripts_only(orbslam3)
[37.869s] DEBUG:colcon.colcon_core.event_handler.log_command:Invoked command in '/home/amatsoukas/ros2_ws/src/orbslam3_ros2/build/orbslam3' returned '0': CMAKE_PREFIX_PATH=${CMAKE_PREFIX_PATH}:/home/amatsoukas/ros2_ws/install/warmup_project:/home/amatsoukas/ros2_ws/install/sample_node_architectures:/home/amatsoukas/ros2_ws/install/neato_soccer:/home/amatsoukas/ros2_ws/install/neato_node2:/home/amatsoukas/ros2_ws/install/in_class_day04_solutions:/home/amatsoukas/ros2_ws/install/in_class_day03_solutions:/home/amatsoukas/ros2_ws/install/in_class_day03:/home/amatsoukas/ros2_ws/install/multi_neato:/home/amatsoukas/ros2_ws/install/in_class_day02_solutions:/home/amatsoukas/ros2_ws/install/in_class_day02:/home/amatsoukas/ros2_ws/install/draw_square_with_estop:/opt/ros/humble /usr/bin/cmake --install /home/amatsoukas/ros2_ws/src/orbslam3_ros2/build/orbslam3
[37.998s] Level 1:colcon.colcon_core.environment:checking '/home/amatsoukas/ros2_ws/src/orbslam3_ros2/install/orbslam3' for CMake module files
[37.998s] Level 1:colcon.colcon_core.environment:checking '/home/amatsoukas/ros2_ws/src/orbslam3_ros2/install/orbslam3' for CMake config files
[37.998s] Level 1:colcon.colcon_core.shell:create_environment_hook('orbslam3', 'cmake_prefix_path')
[38.020s] INFO:colcon.colcon_core.shell:Creating environment hook '/home/amatsoukas/ros2_ws/src/orbslam3_ros2/install/orbslam3/share/orbslam3/hook/cmake_prefix_path.ps1'
[38.021s] INFO:colcon.colcon_core.shell:Creating environment descriptor '/home/amatsoukas/ros2_ws/src/orbslam3_ros2/install/orbslam3/share/orbslam3/hook/cmake_prefix_path.dsv'
[38.022s] INFO:colcon.colcon_core.shell:Creating environment hook '/home/amatsoukas/ros2_ws/src/orbslam3_ros2/install/orbslam3/share/orbslam3/hook/cmake_prefix_path.sh'
[38.023s] Level 1:colcon.colcon_core.environment:checking '/home/amatsoukas/ros2_ws/src/orbslam3_ros2/install/orbslam3/lib'
[38.023s] Level 1:colcon.colcon_core.environment:checking '/home/amatsoukas/ros2_ws/src/orbslam3_ros2/install/orbslam3/bin'
[38.023s] Level 1:colcon.colcon_core.environment:checking '/home/amatsoukas/ros2_ws/src/orbslam3_ros2/install/orbslam3/lib/pkgconfig/orbslam3.pc'
[38.023s] Level 1:colcon.colcon_core.environment:checking '/home/amatsoukas/ros2_ws/src/orbslam3_ros2/install/orbslam3/lib/python3.10/site-packages'
[38.023s] Level 1:colcon.colcon_core.environment:checking '/home/amatsoukas/ros2_ws/src/orbslam3_ros2/install/orbslam3/bin'
[38.044s] INFO:colcon.colcon_core.shell:Creating package script '/home/amatsoukas/ros2_ws/src/orbslam3_ros2/install/orbslam3/share/orbslam3/package.ps1'
[38.045s] INFO:colcon.colcon_core.shell:Creating package descriptor '/home/amatsoukas/ros2_ws/src/orbslam3_ros2/install/orbslam3/share/orbslam3/package.dsv'
[38.045s] INFO:colcon.colcon_core.shell:Creating package script '/home/amatsoukas/ros2_ws/src/orbslam3_ros2/install/orbslam3/share/orbslam3/package.sh'
[38.046s] INFO:colcon.colcon_core.shell:Creating package script '/home/amatsoukas/ros2_ws/src/orbslam3_ros2/install/orbslam3/share/orbslam3/package.bash'
[38.047s] INFO:colcon.colcon_core.shell:Creating package script '/home/amatsoukas/ros2_ws/src/orbslam3_ros2/install/orbslam3/share/orbslam3/package.zsh'
[38.048s] Level 1:colcon.colcon_core.environment:create_file_with_runtime_dependencies(/home/amatsoukas/ros2_ws/src/orbslam3_ros2/install/orbslam3/share/colcon-core/packages/orbslam3)
[38.107s] Level 1:colcon.colcon_core.environment:create_environment_scripts_only(orbslam3)
[38.128s] Level 1:colcon.colcon_core.environment:checking '/home/amatsoukas/ros2_ws/src/orbslam3_ros2/install/orbslam3' for CMake module files
[38.129s] Level 1:colcon.colcon_core.environment:checking '/home/amatsoukas/ros2_ws/src/orbslam3_ros2/install/orbslam3' for CMake config files
[38.129s] Level 1:colcon.colcon_core.shell:create_environment_hook('orbslam3', 'cmake_prefix_path')
[38.149s] INFO:colcon.colcon_core.shell:Creating environment hook '/home/amatsoukas/ros2_ws/src/orbslam3_ros2/install/orbslam3/share/orbslam3/hook/cmake_prefix_path.ps1'
[38.149s] INFO:colcon.colcon_core.shell:Creating environment descriptor '/home/amatsoukas/ros2_ws/src/orbslam3_ros2/install/orbslam3/share/orbslam3/hook/cmake_prefix_path.dsv'
[38.150s] INFO:colcon.colcon_core.shell:Creating environment hook '/home/amatsoukas/ros2_ws/src/orbslam3_ros2/install/orbslam3/share/orbslam3/hook/cmake_prefix_path.sh'
[38.150s] Level 1:colcon.colcon_core.environment:checking '/home/amatsoukas/ros2_ws/src/orbslam3_ros2/install/orbslam3/lib'
[38.150s] Level 1:colcon.colcon_core.environment:checking '/home/amatsoukas/ros2_ws/src/orbslam3_ros2/install/orbslam3/bin'
[38.150s] Level 1:colcon.colcon_core.environment:checking '/home/amatsoukas/ros2_ws/src/orbslam3_ros2/install/orbslam3/lib/pkgconfig/orbslam3.pc'
[38.151s] Level 1:colcon.colcon_core.environment:checking '/home/amatsoukas/ros2_ws/src/orbslam3_ros2/install/orbslam3/lib/python3.10/site-packages'
[38.151s] Level 1:colcon.colcon_core.environment:checking '/home/amatsoukas/ros2_ws/src/orbslam3_ros2/install/orbslam3/bin'
[38.174s] INFO:colcon.colcon_core.shell:Creating package script '/home/amatsoukas/ros2_ws/src/orbslam3_ros2/install/orbslam3/share/orbslam3/package.ps1'
[38.175s] INFO:colcon.colcon_core.shell:Creating package descriptor '/home/amatsoukas/ros2_ws/src/orbslam3_ros2/install/orbslam3/share/orbslam3/package.dsv'
[38.175s] INFO:colcon.colcon_core.shell:Creating package script '/home/amatsoukas/ros2_ws/src/orbslam3_ros2/install/orbslam3/share/orbslam3/package.sh'
[38.176s] INFO:colcon.colcon_core.shell:Creating package script '/home/amatsoukas/ros2_ws/src/orbslam3_ros2/install/orbslam3/share/orbslam3/package.bash'
[38.176s] INFO:colcon.colcon_core.shell:Creating package script '/home/amatsoukas/ros2_ws/src/orbslam3_ros2/install/orbslam3/share/orbslam3/package.zsh'
[38.177s] Level 1:colcon.colcon_core.environment:create_file_with_runtime_dependencies(/home/amatsoukas/ros2_ws/src/orbslam3_ros2/install/orbslam3/share/colcon-core/packages/orbslam3)
[38.177s] DEBUG:colcon.colcon_parallel_executor.executor.parallel:closing loop
[38.181s] DEBUG:colcon.colcon_parallel_executor.executor.parallel:loop closed
[38.181s] DEBUG:colcon.colcon_parallel_executor.executor.parallel:run_until_complete finished with '0'
[38.181s] DEBUG:colcon.colcon_core.event_reactor:joining thread
[38.433s] INFO:colcon.colcon_core.plugin_system:Skipping extension 'colcon_notification.desktop_notification.terminal_notifier': Not used on non-Darwin systems
[38.433s] INFO:colcon.colcon_core.plugin_system:Skipping extension 'colcon_notification.desktop_notification.win32': Not used on non-Windows systems
[38.433s] INFO:colcon.colcon_notification.desktop_notification:Sending desktop notification using 'notify2'
[38.457s] DEBUG:colcon.colcon_core.event_reactor:joined thread
[38.481s] INFO:colcon.colcon_core.shell:Creating prefix script '/home/amatsoukas/ros2_ws/src/orbslam3_ros2/install/local_setup.ps1'
[38.483s] INFO:colcon.colcon_core.shell:Creating prefix util module '/home/amatsoukas/ros2_ws/src/orbslam3_ros2/install/_local_setup_util_ps1.py'
[38.484s] INFO:colcon.colcon_core.shell:Creating prefix chain script '/home/amatsoukas/ros2_ws/src/orbslam3_ros2/install/setup.ps1'
[38.510s] INFO:colcon.colcon_core.shell:Creating prefix script '/home/amatsoukas/ros2_ws/src/orbslam3_ros2/install/local_setup.sh'
[38.511s] INFO:colcon.colcon_core.shell:Creating prefix util module '/home/amatsoukas/ros2_ws/src/orbslam3_ros2/install/_local_setup_util_sh.py'
[38.511s] INFO:colcon.colcon_core.shell:Creating prefix chain script '/home/amatsoukas/ros2_ws/src/orbslam3_ros2/install/setup.sh'
[38.536s] INFO:colcon.colcon_core.shell:Creating prefix script '/home/amatsoukas/ros2_ws/src/orbslam3_ros2/install/local_setup.bash'
[38.536s] INFO:colcon.colcon_core.shell:Creating prefix chain script '/home/amatsoukas/ros2_ws/src/orbslam3_ros2/install/setup.bash'
[38.559s] INFO:colcon.colcon_core.shell:Creating prefix script '/home/amatsoukas/ros2_ws/src/orbslam3_ros2/install/local_setup.zsh'
[38.559s] INFO:colcon.colcon_core.shell:Creating prefix chain script '/home/amatsoukas/ros2_ws/src/orbslam3_ros2/install/setup.zsh'
